<?xml version="1.0" encoding="UTF-8"?>
<coverage generated="1685709437173" clover="3.2.0">
  <project timestamp="1685709437173" name="All files">
    <metrics statements="19" coveredstatements="12" conditionals="0" coveredconditionals="0" methods="12" coveredmethods="8" elements="31" coveredelements="20" complexity="0" loc="19" ncloc="19" packages="1" files="1" classes="1"/>
    <file name="AWSRegionManager.tsx" path="/Users/andrewkentigern-fox/git/AWS-Console-Tittle-Bar/src/content/AWSRegionManager.tsx">
      <metrics statements="19" coveredstatements="12" conditionals="0" coveredconditionals="0" methods="12" coveredmethods="8"/>
      <line num="10" count="1" type="stmt"/>
      <line num="12" count="2" type="stmt"/>
      <line num="15" count="2" type="stmt"/>
      <line num="16" count="2" type="stmt"/>
      <line num="17" count="0" type="stmt"/>
      <line num="22" count="2" type="stmt"/>
      <line num="23" count="2" type="stmt"/>
      <line num="24" count="0" type="stmt"/>
      <line num="30" count="0" type="stmt"/>
      <line num="31" count="0" type="stmt"/>
      <line num="32" count="0" type="stmt"/>
      <line num="35" count="0" type="stmt"/>
      <line num="37" count="0" type="stmt"/>
      <line num="43" count="11" type="stmt"/>
      <line num="47" count="2" type="stmt"/>
      <line num="51" count="2" type="stmt"/>
      <line num="55" count="2" type="stmt"/>
      <line num="59" count="1" type="stmt"/>
      <line num="87" count="1" type="stmt"/>
    </file>
  </project>
</coverage>
