{"/Users/andrewkentigern-fox/git/AWS-Console-Tittle-Bar/src/content/AWSRegionManager.tsx": {"path":"/Users/andrewkentigern-fox/git/AWS-Console-Tittle-Bar/src/content/AWSRegionManager.tsx","statementMap":{"0":{"start":{"line":12,"column":68},"end":{"line":12,"column":70}},"1":{"start":{"line":15,"column":4},"end":{"line":15,"column":33}},"2":{"start":{"line":16,"column":4},"end":{"line":18,"column":7}},"3":{"start":{"line":17,"column":6},"end":{"line":17,"column":33}},"4":{"start":{"line":22,"column":4},"end":{"line":26,"column":7}},"5":{"start":{"line":23,"column":6},"end":{"line":25,"column":9}},"6":{"start":{"line":24,"column":8},"end":{"line":24,"column":26}},"7":{"start":{"line":30,"column":4},"end":{"line":39,"column":7}},"8":{"start":{"line":31,"column":6},"end":{"line":38,"column":null}},"9":{"start":{"line":32,"column":8},"end":{"line":34,"column":11}},"10":{"start":{"line":35,"column":8},"end":{"line":35,"column":22}},"11":{"start":{"line":37,"column":8},"end":{"line":37,"column":18}},"12":{"start":{"line":43,"column":4},"end":{"line":43,"column":67}},"13":{"start":{"line":43,"column":44},"end":{"line":43,"column":65}},"14":{"start":{"line":47,"column":4},"end":{"line":47,"column":50}},"15":{"start":{"line":51,"column":4},"end":{"line":51,"column":40}},"16":{"start":{"line":55,"column":4},"end":{"line":55,"column":40}},"17":{"start":{"line":10,"column":0},"end":{"line":10,"column":13}},"18":{"start":{"line":59,"column":32},"end":{"line":85,"column":2}},"19":{"start":{"line":87,"column":13},"end":{"line":87,"column":62}}},"fnMap":{"0":{"name":"(anonymous_0)","decl":{"start":{"line":14,"column":2},"end":{"line":14,"column":14}},"loc":{"start":{"line":14,"column":37},"end":{"line":19,"column":3}}},"1":{"name":"(anonymous_1)","decl":{"start":{"line":16,"column":32},"end":{"line":16,"column":33}},"loc":{"start":{"line":16,"column":45},"end":{"line":18,"column":5}}},"2":{"name":"(anonymous_2)","decl":{"start":{"line":21,"column":2},"end":{"line":21,"column":7}},"loc":{"start":{"line":21,"column":23},"end":{"line":27,"column":3}}},"3":{"name":"(anonymous_3)","decl":{"start":{"line":22,"column":23},"end":{"line":22,"column":24}},"loc":{"start":{"line":22,"column":35},"end":{"line":26,"column":5}}},"4":{"name":"(anonymous_4)","decl":{"start":{"line":23,"column":47},"end":{"line":23,"column":48}},"loc":{"start":{"line":23,"column":60},"end":{"line":25,"column":7}}},"5":{"name":"(anonymous_5)","decl":{"start":{"line":29,"column":2},"end":{"line":29,"column":7}},"loc":{"start":{"line":29,"column":24},"end":{"line":40,"column":3}}},"6":{"name":"(anonymous_6)","decl":{"start":{"line":30,"column":29},"end":{"line":30,"column":30}},"loc":{"start":{"line":30,"column":49},"end":{"line":39,"column":5}}},"7":{"name":"(anonymous_7)","decl":{"start":{"line":42,"column":2},"end":{"line":42,"column":11}},"loc":{"start":{"line":42,"column":47},"end":{"line":44,"column":3}}},"8":{"name":"(anonymous_8)","decl":{"start":{"line":43,"column":32},"end":{"line":43,"column":33}},"loc":{"start":{"line":43,"column":44},"end":{"line":43,"column":65}}},"9":{"name":"(anonymous_9)","decl":{"start":{"line":46,"column":2},"end":{"line":46,"column":17}},"loc":{"start":{"line":46,"column":35},"end":{"line":48,"column":3}}},"10":{"name":"(anonymous_10)","decl":{"start":{"line":50,"column":2},"end":{"line":50,"column":12}},"loc":{"start":{"line":50,"column":25},"end":{"line":52,"column":3}}},"11":{"name":"(anonymous_11)","decl":{"start":{"line":54,"column":2},"end":{"line":54,"column":12}},"loc":{"start":{"line":54,"column":25},"end":{"line":56,"column":3}}}},"branchMap":{},"s":{"0":2,"1":2,"2":2,"3":0,"4":2,"5":2,"6":0,"7":0,"8":0,"9":0,"10":0,"11":0,"12":6,"13":11,"14":2,"15":2,"16":2,"17":1,"18":1,"19":1},"f":{"0":2,"1":0,"2":2,"3":2,"4":0,"5":0,"6":0,"7":6,"8":11,"9":2,"10":2,"11":2},"b":{}}
}
