{"/Users/andrew/git/AWS-Console-Tittle-Bar/src/content/reference.tsx": {"path":"/Users/andrew/git/AWS-Console-Tittle-Bar/src/content/reference.tsx","statementMap":{"0":{"start":{"line":21,"column":17},"end":{"line":21,"column":90}},"1":{"start":{"line":23,"column":13},"end":{"line":23,"column":36}},"2":{"start":{"line":24,"column":13},"end":{"line":24,"column":36}},"3":{"start":{"line":26,"column":24},"end":{"line":31,"column":1}},"4":{"start":{"line":27,"column":2},"end":{"line":29,"column":null}},"5":{"start":{"line":28,"column":4},"end":{"line":28,"column":67}},"6":{"start":{"line":28,"column":35},"end":{"line":28,"column":65}},"7":{"start":{"line":30,"column":2},"end":{"line":30,"column":42}},"8":{"start":{"line":33,"column":13},"end":{"line":33,"column":50}},"9":{"start":{"line":34,"column":13},"end":{"line":34,"column":50}},"10":{"start":{"line":37,"column":2},"end":{"line":45,"column":5}},"11":{"start":{"line":38,"column":4},"end":{"line":44,"column":null}},"12":{"start":{"line":39,"column":6},"end":{"line":41,"column":9}},"13":{"start":{"line":43,"column":6},"end":{"line":43,"column":30}},"14":{"start":{"line":48,"column":13},"end":{"line":48,"column":46}},"15":{"start":{"line":49,"column":13},"end":{"line":49,"column":46}},"16":{"start":{"line":52,"column":2},"end":{"line":61,"column":4}},"17":{"start":{"line":53,"column":4},"end":{"line":60,"column":6}},"18":{"start":{"line":54,"column":6},"end":{"line":59,"column":null}},"19":{"start":{"line":55,"column":37},"end":{"line":55,"column":68}},"20":{"start":{"line":56,"column":8},"end":{"line":56,"column":26}},"21":{"start":{"line":58,"column":8},"end":{"line":58,"column":18}},"22":{"start":{"line":63,"column":13},"end":{"line":63,"column":46}},"23":{"start":{"line":64,"column":13},"end":{"line":64,"column":46}},"24":{"start":{"line":67,"column":2},"end":{"line":76,"column":5}},"25":{"start":{"line":68,"column":4},"end":{"line":75,"column":7}},"26":{"start":{"line":69,"column":6},"end":{"line":74,"column":null}},"27":{"start":{"line":70,"column":31},"end":{"line":70,"column":60}},"28":{"start":{"line":71,"column":8},"end":{"line":71,"column":32}},"29":{"start":{"line":73,"column":8},"end":{"line":73,"column":22}},"30":{"start":{"line":79,"column":13},"end":{"line":79,"column":56}},"31":{"start":{"line":80,"column":13},"end":{"line":80,"column":56}},"32":{"start":{"line":83,"column":2},"end":{"line":92,"column":5}},"33":{"start":{"line":84,"column":4},"end":{"line":91,"column":null}},"34":{"start":{"line":85,"column":6},"end":{"line":87,"column":9}},"35":{"start":{"line":88,"column":6},"end":{"line":88,"column":20}},"36":{"start":{"line":90,"column":6},"end":{"line":90,"column":16}},"37":{"start":{"line":95,"column":13},"end":{"line":95,"column":58}},"38":{"start":{"line":96,"column":13},"end":{"line":96,"column":58}},"39":{"start":{"line":99,"column":2},"end":{"line":108,"column":5}},"40":{"start":{"line":100,"column":4},"end":{"line":107,"column":null}},"41":{"start":{"line":101,"column":6},"end":{"line":103,"column":9}},"42":{"start":{"line":104,"column":6},"end":{"line":104,"column":20}},"43":{"start":{"line":106,"column":6},"end":{"line":106,"column":16}},"44":{"start":{"line":110,"column":13},"end":{"line":110,"column":50}},"45":{"start":{"line":111,"column":13},"end":{"line":111,"column":50}},"46":{"start":{"line":112,"column":13},"end":{"line":112,"column":50}},"47":{"start":{"line":115,"column":2},"end":{"line":128,"column":4}},"48":{"start":{"line":116,"column":4},"end":{"line":127,"column":6}},"49":{"start":{"line":117,"column":6},"end":{"line":126,"column":null}},"50":{"start":{"line":118,"column":47},"end":{"line":118,"column":80}},"51":{"start":{"line":119,"column":8},"end":{"line":123,"column":null}},"52":{"start":{"line":120,"column":10},"end":{"line":120,"column":45}},"53":{"start":{"line":122,"column":10},"end":{"line":122,"column":53}},"54":{"start":{"line":125,"column":8},"end":{"line":125,"column":18}},"55":{"start":{"line":130,"column":13},"end":{"line":130,"column":40}},"56":{"start":{"line":131,"column":13},"end":{"line":131,"column":40}},"57":{"start":{"line":134,"column":2},"end":{"line":147,"column":4}},"58":{"start":{"line":135,"column":4},"end":{"line":146,"column":6}},"59":{"start":{"line":136,"column":6},"end":{"line":144,"column":null}},"60":{"start":{"line":137,"column":8},"end":{"line":141,"column":null}},"61":{"start":{"line":138,"column":10},"end":{"line":138,"column":53}},"62":{"start":{"line":140,"column":10},"end":{"line":140,"column":22}},"63":{"start":{"line":143,"column":8},"end":{"line":143,"column":20}},"64":{"start":{"line":145,"column":6},"end":{"line":145,"column":15}},"65":{"start":{"line":149,"column":13},"end":{"line":149,"column":48}},"66":{"start":{"line":150,"column":13},"end":{"line":150,"column":48}},"67":{"start":{"line":151,"column":13},"end":{"line":151,"column":48}},"68":{"start":{"line":163,"column":4},"end":{"line":163,"column":33}},"69":{"start":{"line":167,"column":4},"end":{"line":167,"column":67}},"70":{"start":{"line":167,"column":44},"end":{"line":167,"column":65}},"71":{"start":{"line":171,"column":4},"end":{"line":171,"column":50}},"72":{"start":{"line":175,"column":4},"end":{"line":175,"column":40}},"73":{"start":{"line":179,"column":4},"end":{"line":179,"column":40}},"74":{"start":{"line":159,"column":0},"end":{"line":159,"column":13}},"75":{"start":{"line":183,"column":32},"end":{"line":209,"column":2}},"76":{"start":{"line":211,"column":13},"end":{"line":211,"column":62}}},"fnMap":{"0":{"name":"(anonymous_0)","decl":{"start":{"line":26,"column":24},"end":{"line":26,"column":29}},"loc":{"start":{"line":26,"column":43},"end":{"line":31,"column":1}}},"1":{"name":"(anonymous_1)","decl":{"start":{"line":28,"column":22},"end":{"line":28,"column":23}},"loc":{"start":{"line":28,"column":35},"end":{"line":28,"column":65}}},"2":{"name":"putPopupComms","decl":{"start":{"line":36,"column":15},"end":{"line":36,"column":28}},"loc":{"start":{"line":36,"column":45},"end":{"line":46,"column":1}}},"3":{"name":"(anonymous_3)","decl":{"start":{"line":37,"column":27},"end":{"line":37,"column":28}},"loc":{"start":{"line":37,"column":47},"end":{"line":45,"column":3}}},"4":{"name":"getPopupComms","decl":{"start":{"line":51,"column":15},"end":{"line":51,"column":28}},"loc":{"start":{"line":51,"column":28},"end":{"line":62,"column":1}}},"5":{"name":"(anonymous_5)","decl":{"start":{"line":52,"column":27},"end":{"line":52,"column":28}},"loc":{"start":{"line":53,"column":4},"end":{"line":60,"column":6}}},"6":{"name":"(anonymous_6)","decl":{"start":{"line":53,"column":43},"end":{"line":53,"column":44}},"loc":{"start":{"line":53,"column":56},"end":{"line":60,"column":5}}},"7":{"name":"getAdditionalLinks","decl":{"start":{"line":66,"column":15},"end":{"line":66,"column":33}},"loc":{"start":{"line":66,"column":33},"end":{"line":77,"column":1}}},"8":{"name":"(anonymous_8)","decl":{"start":{"line":67,"column":27},"end":{"line":67,"column":37}},"loc":{"start":{"line":67,"column":52},"end":{"line":76,"column":3}}},"9":{"name":"(anonymous_9)","decl":{"start":{"line":68,"column":41},"end":{"line":68,"column":51}},"loc":{"start":{"line":68,"column":59},"end":{"line":75,"column":5}}},"10":{"name":"saveAdditionalLinks","decl":{"start":{"line":82,"column":15},"end":{"line":82,"column":34}},"loc":{"start":{"line":82,"column":39},"end":{"line":93,"column":1}}},"11":{"name":"(anonymous_11)","decl":{"start":{"line":83,"column":27},"end":{"line":83,"column":28}},"loc":{"start":{"line":83,"column":47},"end":{"line":92,"column":3}}},"12":{"name":"saveAllAccounts","decl":{"start":{"line":98,"column":15},"end":{"line":98,"column":30}},"loc":{"start":{"line":98,"column":35},"end":{"line":109,"column":1}}},"13":{"name":"(anonymous_13)","decl":{"start":{"line":99,"column":27},"end":{"line":99,"column":28}},"loc":{"start":{"line":99,"column":47},"end":{"line":108,"column":3}}},"14":{"name":"getAccount","decl":{"start":{"line":114,"column":15},"end":{"line":114,"column":25}},"loc":{"start":{"line":114,"column":35},"end":{"line":129,"column":1}}},"15":{"name":"(anonymous_15)","decl":{"start":{"line":115,"column":27},"end":{"line":115,"column":28}},"loc":{"start":{"line":116,"column":4},"end":{"line":127,"column":6}}},"16":{"name":"(anonymous_16)","decl":{"start":{"line":116,"column":45},"end":{"line":116,"column":46}},"loc":{"start":{"line":116,"column":58},"end":{"line":127,"column":5}}},"17":{"name":"getAllAccounts","decl":{"start":{"line":133,"column":15},"end":{"line":133,"column":29}},"loc":{"start":{"line":133,"column":29},"end":{"line":148,"column":1}}},"18":{"name":"(anonymous_18)","decl":{"start":{"line":134,"column":27},"end":{"line":134,"column":28}},"loc":{"start":{"line":135,"column":4},"end":{"line":146,"column":6}}},"19":{"name":"(anonymous_19)","decl":{"start":{"line":135,"column":45},"end":{"line":135,"column":46}},"loc":{"start":{"line":135,"column":58},"end":{"line":146,"column":5}}},"20":{"name":"(anonymous_20)","decl":{"start":{"line":162,"column":2},"end":{"line":162,"column":14}},"loc":{"start":{"line":162,"column":37},"end":{"line":164,"column":3}}},"21":{"name":"(anonymous_21)","decl":{"start":{"line":166,"column":2},"end":{"line":166,"column":11}},"loc":{"start":{"line":166,"column":47},"end":{"line":168,"column":3}}},"22":{"name":"(anonymous_22)","decl":{"start":{"line":167,"column":32},"end":{"line":167,"column":33}},"loc":{"start":{"line":167,"column":44},"end":{"line":167,"column":65}}},"23":{"name":"(anonymous_23)","decl":{"start":{"line":170,"column":2},"end":{"line":170,"column":17}},"loc":{"start":{"line":170,"column":35},"end":{"line":172,"column":3}}},"24":{"name":"(anonymous_24)","decl":{"start":{"line":174,"column":2},"end":{"line":174,"column":12}},"loc":{"start":{"line":174,"column":25},"end":{"line":176,"column":3}}},"25":{"name":"(anonymous_25)","decl":{"start":{"line":178,"column":2},"end":{"line":178,"column":12}},"loc":{"start":{"line":178,"column":25},"end":{"line":180,"column":3}}}},"branchMap":{"0":{"loc":{"start":{"line":21,"column":17},"end":{"line":21,"column":90}},"type":"binary-expr","locations":[{"start":{"line":21,"column":17},"end":{"line":21,"column":51}},{"start":{"line":21,"column":55},"end":{"line":21,"column":90}}]},"1":{"loc":{"start":{"line":38,"column":4},"end":{"line":44,"column":null}},"type":"if","locations":[{"start":{"line":38,"column":4},"end":{"line":44,"column":null}},{"start":{"line":42,"column":11},"end":{"line":44,"column":null}}]},"2":{"loc":{"start":{"line":119,"column":8},"end":{"line":123,"column":null}},"type":"if","locations":[{"start":{"line":119,"column":8},"end":{"line":123,"column":null}},{"start":{"line":121,"column":15},"end":{"line":123,"column":null}}]},"3":{"loc":{"start":{"line":119,"column":12},"end":{"line":119,"column":69}},"type":"binary-expr","locations":[{"start":{"line":119,"column":12},"end":{"line":119,"column":26}},{"start":{"line":119,"column":30},"end":{"line":119,"column":69}}]},"4":{"loc":{"start":{"line":136,"column":6},"end":{"line":144,"column":null}},"type":"if","locations":[{"start":{"line":136,"column":6},"end":{"line":144,"column":null}},{"start":{"line":142,"column":13},"end":{"line":144,"column":null}}]}},"s":{"0":1,"1":1,"2":1,"3":1,"4":0,"5":0,"6":0,"7":0,"8":1,"9":1,"10":0,"11":0,"12":0,"13":0,"14":1,"15":1,"16":0,"17":0,"18":0,"19":0,"20":0,"21":0,"22":1,"23":1,"24":0,"25":0,"26":0,"27":0,"28":0,"29":0,"30":1,"31":1,"32":0,"33":0,"34":0,"35":0,"36":0,"37":1,"38":1,"39":0,"40":0,"41":0,"42":0,"43":0,"44":1,"45":1,"46":1,"47":0,"48":0,"49":0,"50":0,"51":0,"52":0,"53":0,"54":0,"55":1,"56":1,"57":0,"58":0,"59":0,"60":0,"61":0,"62":0,"63":0,"64":0,"65":1,"66":1,"67":1,"68":2,"69":6,"70":11,"71":2,"72":2,"73":2,"74":1,"75":1,"76":1},"f":{"0":0,"1":0,"2":0,"3":0,"4":0,"5":0,"6":0,"7":0,"8":0,"9":0,"10":0,"11":0,"12":0,"13":0,"14":0,"15":0,"16":0,"17":0,"18":0,"19":0,"20":2,"21":6,"22":11,"23":2,"24":2,"25":2},"b":{"0":[1,0],"1":[0,0],"2":[0,0],"3":[0,0],"4":[0,0]}}
}
