TN:
SF:src/content/reference.tsx
FN:26,(anonymous_0)
FN:28,(anonymous_1)
FN:36,putPopupComms
FN:37,(anonymous_3)
FN:51,getPopupComms
FN:52,(anonymous_5)
FN:53,(anonymous_6)
FN:66,getAdditionalLinks
FN:67,(anonymous_8)
FN:68,(anonymous_9)
FN:82,saveAdditionalLinks
FN:83,(anonymous_11)
FN:98,saveAllAccounts
FN:99,(anonymous_13)
FN:114,getAccount
FN:115,(anonymous_15)
FN:116,(anonymous_16)
FN:133,getAllAccounts
FN:134,(anonymous_18)
FN:135,(anonymous_19)
FN:162,(anonymous_20)
FN:166,(anonymous_21)
FN:167,(anonymous_22)
FN:170,(anonymous_23)
FN:174,(anonymous_24)
FN:178,(anonymous_25)
FNF:26
FNH:6
FNDA:0,(anonymous_0)
FNDA:0,(anonymous_1)
FNDA:0,putPopupComms
FNDA:0,(anonymous_3)
FNDA:0,getPopupComms
FNDA:0,(anonymous_5)
FNDA:0,(anonymous_6)
FNDA:0,getAdditionalLinks
FNDA:0,(anonymous_8)
FNDA:0,(anonymous_9)
FNDA:0,saveAdditionalLinks
FNDA:0,(anonymous_11)
FNDA:0,saveAllAccounts
FNDA:0,(anonymous_13)
FNDA:0,getAccount
FNDA:0,(anonymous_15)
FNDA:0,(anonymous_16)
FNDA:0,getAllAccounts
FNDA:0,(anonymous_18)
FNDA:0,(anonymous_19)
FNDA:2,(anonymous_20)
FNDA:6,(anonymous_21)
FNDA:11,(anonymous_22)
FNDA:2,(anonymous_23)
FNDA:2,(anonymous_24)
FNDA:2,(anonymous_25)
DA:21,1
DA:23,1
DA:24,1
DA:26,1
DA:27,0
DA:28,0
DA:30,0
DA:33,1
DA:34,1
DA:37,0
DA:38,0
DA:39,0
DA:43,0
DA:48,1
DA:49,1
DA:52,0
DA:53,0
DA:54,0
DA:55,0
DA:56,0
DA:58,0
DA:63,1
DA:64,1
DA:67,0
DA:68,0
DA:69,0
DA:70,0
DA:71,0
DA:73,0
DA:79,1
DA:80,1
DA:83,0
DA:84,0
DA:85,0
DA:88,0
DA:90,0
DA:95,1
DA:96,1
DA:99,0
DA:100,0
DA:101,0
DA:104,0
DA:106,0
DA:110,1
DA:111,1
DA:112,1
DA:115,0
DA:116,0
DA:117,0
DA:118,0
DA:119,0
DA:120,0
DA:122,0
DA:125,0
DA:130,1
DA:131,1
DA:134,0
DA:135,0
DA:136,0
DA:137,0
DA:138,0
DA:140,0
DA:143,0
DA:145,0
DA:149,1
DA:150,1
DA:151,1
DA:159,1
DA:163,2
DA:167,11
DA:171,2
DA:175,2
DA:179,2
DA:183,1
DA:211,1
LF:75
LH:30
BRDA:21,0,0,1
BRDA:21,0,1,0
BRDA:38,1,0,0
BRDA:38,1,1,0
BRDA:119,2,0,0
BRDA:119,2,1,0
BRDA:119,3,0,0
BRDA:119,3,1,0
BRDA:136,4,0,0
BRDA:136,4,1,0
BRF:10
BRH:1
end_of_record
