TN:
SF:src/content/AWSRegionManager.tsx
FN:14,(anonymous_0)
FN:16,(anonymous_1)
FN:21,(anonymous_2)
FN:22,(anonymous_3)
FN:23,(anonymous_4)
FN:29,(anonymous_5)
FN:30,(anonymous_6)
FN:42,(anonymous_7)
FN:43,(anonymous_8)
FN:46,(anonymous_9)
FN:50,(anonymous_10)
FN:54,(anonymous_11)
FNF:12
FNH:8
FNDA:2,(anonymous_0)
FNDA:0,(anonymous_1)
FNDA:2,(anonymous_2)
FNDA:2,(anonymous_3)
FNDA:0,(anonymous_4)
FNDA:0,(anonymous_5)
FNDA:0,(anonymous_6)
FNDA:6,(anonymous_7)
FNDA:11,(anonymous_8)
FNDA:2,(anonymous_9)
FNDA:2,(anonymous_10)
FNDA:2,(anonymous_11)
DA:10,1
DA:12,2
DA:15,2
DA:16,2
DA:17,0
DA:22,2
DA:23,2
DA:24,0
DA:30,0
DA:31,0
DA:32,0
DA:35,0
DA:37,0
DA:43,11
DA:47,2
DA:51,2
DA:55,2
DA:59,1
DA:87,1
LF:19
LH:12
BRF:0
BRH:0
end_of_record
